[LOG] System::create                           : Header version = 2.00.10. Current version = 2.00.10.
[LOG] Manager::init                            : maxchannels = 256 studioflags = 00000006 flags 00000000 extradriverdata 0000000000000000.
[LOG] SystemI::init                            : Initialize version=20010 (110198), maxchannels=256, flags=0x00020000
[LOG] SystemI::setOutputInternal               : Setting output to 'FMOD WASAPI Output'
[LOG] OutputWASAPI::init                       : Mix Format (WAVEFORMATEX): wFormatTag=0xFFFE, nChannels=2, nSamplesPerSec=48000, nAvgBytesPerSec=384000, nBlockAlign=8, wBitsPerSample=32, cbSize=22.
[LOG] OutputWASAPI::init                       : Mix Format (WAVEFORMATEXTENSIBLE): wValidBitsPerSample=32, dwChannelMask=0x00000003, SubFormat=00000003-0000-0010-8000-00AA00389B71.
[LOG] OutputWASAPI::init                       : Output buffer size: 4096 samples, latency: 0.00ms, period: 10.00ms, DSP buffer: 1024 * 4
[LOG] Thread::initThread                       : Init FMOD stream thread. Priority: 2, Stack Size: 98304, Semaphore: No, Sleep Time: 10, Looping: Yes.
[LOG] Thread::initThread                       : Init FMOD mixer thread. Priority: 3, Stack Size: 81920, Semaphore: No, Sleep Time: 0, Looping: Yes.
[LOG] AsyncManager::init                       : manager 0000022AAEC29068 isAsync 0 updatePeriod 0.02
[LOG] AsyncManager::init                       : done
[LOG] PlaybackSystem::init                     : 
[LOG] Thread::initThread                       : Init FMOD Studio sample load thread. Priority: 0, Stack Size: 98304, Semaphore: No, Sleep Time: 1, Looping: No.
[LOG] PlaybackSystem::init                     : done
[LOG] Thread::initThread                       : Init FMOD Studio bank load thread. Priority: 0, Stack Size: 98304, Semaphore: No, Sleep Time: 1, Looping: No.
[LOG] Manager::init                            : done.
[LOG] SystemI::createSoundInternal             : Create name='', mode=0x02000202
[LOG] SystemI::createSoundInternal             : exinfo->cbsize             = 224
[LOG] SystemI::createSoundInternal             : exinfo->length             = 2109152
[LOG] SystemI::createSoundInternal             : exinfo->fileoffset         = 12288
[LOG] SystemI::createSoundInternal             : exinfo->numsubsounds       = 1
[LOG] SystemI::createSoundInternal             : exinfo->inclusionlist      = 000000530700F00C
[LOG] SystemI::createSoundInternal             : exinfo->inclusionlistnum   = 1
[LOG] SystemI::createSoundInternal             : exinfo->suggestedsoundtype = 5
[LOG] SystemI::createSoundInternal             : exinfo->useropen           = 00007FFA8F46C2D0
[LOG] SystemI::createSoundInternal             : exinfo->userclose          = 00007FFA8F46C2A0
[LOG] SystemI::createSoundInternal             : exinfo->userread           = 00007FFA8F46C3A0
[LOG] SystemI::createSoundInternal             : exinfo->userseek           = 00007FFA8F46C460
[LOG] SystemI::createSoundInternal             : exinfo->fileuserdata       = 0000022AAC72F8B8
[LOG] SystemI::createSoundInternal             : exinfo->initialseekpostype = 1
[LOG] SystemI::DSPCodecPoolRegister            : register codec pool for pool type 5
[LOG] SystemI::createSoundInternal             : Sample 0/1: name='footstep_single_flip_flop_05', format=2, channels=2, frequency=48000, lengthbytes=7904, lengthpcm=26817, pcmblocksize=0, loopstart=0, loopend=0, mode=0x00000000, channelmask=0x00000000, channelorder=0, peakvolume=0.911682.
[LOG] SystemI::createSoundInternal             : Create name='', mode=0x02000202
[LOG] SystemI::createSoundInternal             : exinfo->cbsize             = 224
[LOG] SystemI::createSoundInternal             : exinfo->length             = 2109152
[LOG] SystemI::createSoundInternal             : exinfo->fileoffset         = 12288
[LOG] SystemI::createSoundInternal             : exinfo->numsubsounds       = 1
[LOG] SystemI::createSoundInternal             : exinfo->inclusionlist      = 000000530700F00C
[LOG] SystemI::createSoundInternal             : exinfo->inclusionlistnum   = 1
[LOG] SystemI::createSoundInternal             : exinfo->suggestedsoundtype = 5
[LOG] SystemI::createSoundInternal             : exinfo->useropen           = 00007FFA8F46C2D0
[LOG] SystemI::createSoundInternal             : exinfo->userclose          = 00007FFA8F46C2A0
[LOG] SystemI::createSoundInternal             : exinfo->userread           = 00007FFA8F46C3A0
[LOG] SystemI::createSoundInternal             : exinfo->userseek           = 00007FFA8F46C460
[LOG] SystemI::createSoundInternal             : exinfo->fileuserdata       = 0000022AAC72F8B8
[LOG] SystemI::createSoundInternal             : exinfo->initialseekpostype = 1
[LOG] SystemI::DSPCodecPoolRegister            : register codec pool for pool type 5
[LOG] SystemI::createSoundInternal             : Sample 0/1: name='footstep_single_flip_flop_03', format=2, channels=2, frequency=48000, lengthbytes=7776, lengthpcm=27441, pcmblocksize=0, loopstart=0, loopend=0, mode=0x00000000, channelmask=0x00000000, channelorder=0, peakvolume=0.819183.
[LOG] SystemI::createSoundInternal             : Create name='', mode=0x02000202
[LOG] SystemI::createSoundInternal             : exinfo->cbsize             = 224
[LOG] SystemI::createSoundInternal             : exinfo->length             = 2109152
[LOG] SystemI::createSoundInternal             : exinfo->fileoffset         = 12288
[LOG] SystemI::createSoundInternal             : exinfo->numsubsounds       = 1
[LOG] SystemI::createSoundInternal             : exinfo->inclusionlist      = 000000530700F00C
[LOG] SystemI::createSoundInternal             : exinfo->inclusionlistnum   = 1
[LOG] SystemI::createSoundInternal             : exinfo->suggestedsoundtype = 5
[LOG] SystemI::createSoundInternal             : exinfo->useropen           = 00007FFA8F46C2D0
[LOG] SystemI::createSoundInternal             : exinfo->userclose          = 00007FFA8F46C2A0
[LOG] SystemI::createSoundInternal             : exinfo->userread           = 00007FFA8F46C3A0
[LOG] SystemI::createSoundInternal             : exinfo->userseek           = 00007FFA8F46C460
[LOG] SystemI::createSoundInternal             : exinfo->fileuserdata       = 0000022AAC72F8B8
[LOG] SystemI::createSoundInternal             : exinfo->initialseekpostype = 1
[LOG] SystemI::DSPCodecPoolRegister            : register codec pool for pool type 5
[LOG] SystemI::createSoundInternal             : Sample 0/1: name='footstep_single_flip_flop_06', format=2, channels=2, frequency=48000, lengthbytes=7424, lengthpcm=26113, pcmblocksize=0, loopstart=0, loopend=0, mode=0x00000000, channelmask=0x00000000, channelorder=0, peakvolume=0.887268.
[LOG] SystemI::createSoundInternal             : Create name='', mode=0x02000202
[LOG] SystemI::createSoundInternal             : exinfo->cbsize             = 224
[LOG] SystemI::createSoundInternal             : exinfo->length             = 2109152
[LOG] SystemI::createSoundInternal             : exinfo->fileoffset         = 12288
[LOG] SystemI::createSoundInternal             : exinfo->numsubsounds       = 1
[LOG] SystemI::createSoundInternal             : exinfo->inclusionlist      = 000000530700F00C
[LOG] SystemI::createSoundInternal             : exinfo->inclusionlistnum   = 1
[LOG] SystemI::createSoundInternal             : exinfo->suggestedsoundtype = 5
[LOG] SystemI::createSoundInternal             : exinfo->useropen           = 00007FFA8F46C2D0
[LOG] SystemI::createSoundInternal             : exinfo->userclose          = 00007FFA8F46C2A0
[LOG] SystemI::createSoundInternal             : exinfo->userread           = 00007FFA8F46C3A0
[LOG] SystemI::createSoundInternal             : exinfo->userseek           = 00007FFA8F46C460
[LOG] SystemI::createSoundInternal             : exinfo->fileuserdata       = 0000022AAC72F8B8
[LOG] SystemI::createSoundInternal             : exinfo->initialseekpostype = 1
[LOG] SystemI::DSPCodecPoolRegister            : register codec pool for pool type 5
[LOG] SystemI::createSoundInternal             : Sample 0/1: name='footstep_single_flip_flop_04', format=2, channels=2, frequency=48000, lengthbytes=8320, lengthpcm=29073, pcmblocksize=0, loopstart=0, loopend=0, mode=0x00000000, channelmask=0x00000000, channelorder=0, peakvolume=0.925934.
[LOG] SoundI::release                          : Benji's tale (0000022AAFB160F8)
[LOG] SoundI::release                          :     Benji's tale (0000022B39A03258)
[LOG] SoundI::release                          :     Benji's tale (0000022AAFB17028)
[LOG] SoundI::release                          :  (0000022A92CF0DC8)
[LOG] SoundI::release                          :     Bass drum (0000022B39A08A18)
[LOG] SoundI::release                          :  (0000022A92CF0F38)
[LOG] SoundI::release                          :     tubular bells_3 (0000022B39A08BB8)
[LOG] SoundI::release                          :  (0000022A92CECE88)
[LOG] SoundI::release                          :     Bass drum_1 (0000022B39A08D58)
[LOG] SoundI::release                          :  (0000022A92CF1668)
[LOG] SoundI::release                          :     tubular bells_2 (0000022B39A09098)
[LOG] SoundI::release                          :  (0000022A92CEEF98)
[LOG] SoundI::release                          :     footstep_single_flip_flop_03 (0000022AACDE1208)
[LOG] SoundI::release                          :  (0000022A92CF21E8)
[LOG] SoundI::release                          :     footstep_single_flip_flop_04 (0000022AACDE1A28)
[LOG] SoundI::release                          :  (0000022A92CF2078)
[LOG] SoundI::release                          :     footstep_single_flip_flop_05 (0000022AACDE0368)
[LOG] SoundI::release                          :  (0000022A92CED448)
[LOG] SoundI::release                          :     footstep_single_flip_flop_06 (0000022AACDE0848)
[LOG] Thread::callback                         : FMOD Studio update thread finished.
[LOG] Thread::callback                         : FMOD Studio bank load thread finished.
[LOG] Profile::disconnectAll                   : Profiler disconnecting all clients
[LOG] Thread::callback                         : FMOD Studio sample load thread finished.
[LOG] LiveUpdate::release                      : 
[LOG] LiveUpdate::reset                        : Reset connection (reason Disconnected)
[LOG] Thread::callback                         : FMOD stream thread finished.
[LOG] Thread::callback                         : FMOD mixer thread finished.
[LOG] Profile::disconnectAll                   : Profiler disconnecting all clients
[LOG] SystemI::close                           : Closed.
[LOG] Manager::readBank                        : fileversion = 125, compatVersion = 119 (oldest = 44, newest = 125)
[LOG] PlaybackSystem::acquireMasterBus         : Setting master channel group format to 6
[LOG] SystemI::createSoundInternal             : Create name='', mode=0x02000202
[LOG] SystemI::createSoundInternal             : exinfo->cbsize             = 224
[LOG] SystemI::createSoundInternal             : exinfo->length             = 2109152
[LOG] SystemI::createSoundInternal             : exinfo->fileoffset         = 12288
[LOG] SystemI::createSoundInternal             : exinfo->numsubsounds       = 1
[LOG] SystemI::createSoundInternal             : exinfo->inclusionlist      = 000000530850F2BC
[LOG] SystemI::createSoundInternal             : exinfo->inclusionlistnum   = 1
[LOG] SystemI::createSoundInternal             : exinfo->suggestedsoundtype = 5
[LOG] SystemI::createSoundInternal             : exinfo->useropen           = 00007FFA8F46C2D0
[LOG] SystemI::createSoundInternal             : exinfo->userclose          = 00007FFA8F46C2A0
[LOG] SystemI::createSoundInternal             : exinfo->userread           = 00007FFA8F46C3A0
[LOG] SystemI::createSoundInternal             : exinfo->userseek           = 00007FFA8F46C460
[LOG] SystemI::createSoundInternal             : exinfo->fileuserdata       = 0000022B39A006E8
[LOG] SystemI::createSoundInternal             : exinfo->initialseekpostype = 1
[LOG] SystemI::DSPCodecPoolRegister            : register codec pool for pool type 5
[LOG] SystemI::createSoundInternal             : Sample 0/1: name='footstep_single_flip_flop_05', format=2, channels=2, frequency=48000, lengthbytes=7904, lengthpcm=26817, pcmblocksize=0, loopstart=0, loopend=0, mode=0x00000000, channelmask=0x00000000, channelorder=0, peakvolume=0.911682.
[LOG] SystemI::createSoundInternal             : Create name='', mode=0x02000202
[LOG] SystemI::createSoundInternal             : exinfo->cbsize             = 224
[LOG] SystemI::createSoundInternal             : exinfo->length             = 2109152
[LOG] SystemI::createSoundInternal             : exinfo->fileoffset         = 12288
[LOG] SystemI::createSoundInternal             : exinfo->numsubsounds       = 1
[LOG] SystemI::createSoundInternal             : exinfo->inclusionlist      = 000000530850F2BC
[LOG] SystemI::createSoundInternal             : exinfo->inclusionlistnum   = 1
[LOG] SystemI::createSoundInternal             : exinfo->suggestedsoundtype = 5
[LOG] SystemI::createSoundInternal             : exinfo->useropen           = 00007FFA8F46C2D0
[LOG] SystemI::createSoundInternal             : exinfo->userclose          = 00007FFA8F46C2A0
[LOG] SystemI::createSoundInternal             : exinfo->userread           = 00007FFA8F46C3A0
[LOG] SystemI::createSoundInternal             : exinfo->userseek           = 00007FFA8F46C460
[LOG] SystemI::createSoundInternal             : exinfo->fileuserdata       = 0000022B39A006E8
[LOG] SystemI::createSoundInternal             : exinfo->initialseekpostype = 1
[LOG] SystemI::DSPCodecPoolRegister            : register codec pool for pool type 5
[LOG] SystemI::createSoundInternal             : Sample 0/1: name='footstep_single_flip_flop_03', format=2, channels=2, frequency=48000, lengthbytes=7776, lengthpcm=27441, pcmblocksize=0, loopstart=0, loopend=0, mode=0x00000000, channelmask=0x00000000, channelorder=0, peakvolume=0.819183.
[LOG] SystemI::createSoundInternal             : Create name='', mode=0x02000202
[LOG] SystemI::createSoundInternal             : exinfo->cbsize             = 224
[LOG] SystemI::createSoundInternal             : exinfo->length             = 2109152
[LOG] SystemI::createSoundInternal             : exinfo->fileoffset         = 12288
[LOG] SystemI::createSoundInternal             : exinfo->numsubsounds       = 1
[LOG] SystemI::createSoundInternal             : exinfo->inclusionlist      = 000000530850F2BC
[LOG] SystemI::createSoundInternal             : exinfo->inclusionlistnum   = 1
[LOG] SystemI::createSoundInternal             : exinfo->suggestedsoundtype = 5
[LOG] SystemI::createSoundInternal             : exinfo->useropen           = 00007FFA8F46C2D0
[LOG] SystemI::createSoundInternal             : exinfo->userclose          = 00007FFA8F46C2A0
[LOG] SystemI::createSoundInternal             : exinfo->userread           = 00007FFA8F46C3A0
[LOG] SystemI::createSoundInternal             : exinfo->userseek           = 00007FFA8F46C460
[LOG] SystemI::createSoundInternal             : exinfo->fileuserdata       = 0000022B39A006E8
[LOG] SystemI::createSoundInternal             : exinfo->initialseekpostype = 1
[LOG] SystemI::DSPCodecPoolRegister            : register codec pool for pool type 5
[LOG] SystemI::createSoundInternal             : Sample 0/1: name='footstep_single_flip_flop_06', format=2, channels=2, frequency=48000, lengthbytes=7424, lengthpcm=26113, pcmblocksize=0, loopstart=0, loopend=0, mode=0x00000000, channelmask=0x00000000, channelorder=0, peakvolume=0.887268.
[LOG] SystemI::createSoundInternal             : Create name='', mode=0x02000202
[LOG] SystemI::createSoundInternal             : exinfo->cbsize             = 224
[LOG] SystemI::createSoundInternal             : exinfo->length             = 2109152
[LOG] SystemI::createSoundInternal             : exinfo->fileoffset         = 12288
[LOG] SystemI::createSoundInternal             : exinfo->numsubsounds       = 1
[LOG] SystemI::createSoundInternal             : exinfo->inclusionlist      = 000000530850F2BC
[LOG] SystemI::createSoundInternal             : exinfo->inclusionlistnum   = 1
[LOG] SystemI::createSoundInternal             : exinfo->suggestedsoundtype = 5
[LOG] SystemI::createSoundInternal             : exinfo->useropen           = 00007FFA8F46C2D0
[LOG] SystemI::createSoundInternal             : exinfo->userclose          = 00007FFA8F46C2A0
[LOG] SystemI::createSoundInternal             : exinfo->userread           = 00007FFA8F46C3A0
[LOG] SystemI::createSoundInternal             : exinfo->userseek           = 00007FFA8F46C460
[LOG] SystemI::createSoundInternal             : exinfo->fileuserdata       = 0000022B39A006E8
[LOG] SystemI::createSoundInternal             : exinfo->initialseekpostype = 1
[LOG] SystemI::DSPCodecPoolRegister            : register codec pool for pool type 5
[LOG] SystemI::createSoundInternal             : Sample 0/1: name='footstep_single_flip_flop_04', format=2, channels=2, frequency=48000, lengthbytes=8320, lengthpcm=29073, pcmblocksize=0, loopstart=0, loopend=0, mode=0x00000000, channelmask=0x00000000, channelorder=0, peakvolume=0.925934.
[LOG] SoundI::release                          :  (0000022A92CF2078)
[LOG] SoundI::release                          :     footstep_single_flip_flop_03 (0000022AACDE13A8)
[LOG] SoundI::release                          :  (0000022A92CEEF98)
[LOG] SoundI::release                          :     footstep_single_flip_flop_04 (0000022AACDE09E8)
[LOG] SoundI::release                          :  (0000022A92CF1F08)
[LOG] SoundI::release                          :     footstep_single_flip_flop_05 (0000022AACDE1208)
[LOG] SoundI::release                          :  (0000022A92CEF278)
[LOG] SoundI::release                          :     footstep_single_flip_flop_06 (0000022AACDE1A28)
[LOG] Thread::callback                         : FMOD Studio bank load thread finished.
[LOG] Thread::callback                         : FMOD Studio sample load thread finished.
[LOG] LiveUpdate::release                      : 
[LOG] LiveUpdate::reset                        : Reset connection (reason Disconnected)
[LOG] Thread::callback                         : FMOD stream thread finished.
[LOG] Thread::callback                         : FMOD mixer thread finished.
[LOG] Thread::callback                         : FMOD nonblocking thread (0) finished.
[LOG] Thread::callback                         : FMOD file thread finished.
[LOG] SystemI::close                           : Closed.
